<?xml version="1.0" encoding="UTF-8"?>
<!-- Generated by org.testng.reporters.JUnitReportReporter -->
<testsuite skipped="0" hostname="Asus" name="com.org.learningMaven.Maven_FirstTest" tests="1" failures="0" timestamp="28 Aug 2017 17:59:59 GMT" time="11.662" errors="0">
  <testcase name="Show" time="11.662" classname="com.org.learningMaven.Maven_FirstTest"/>
</testsuite> <!-- com.org.learningMaven.Maven_FirstTest -->
