<?xml version="1.0" encoding="UTF-8"?>
<!-- Generated by org.testng.reporters.JUnitReportReporter -->
<testsuite skipped="0" hostname="Asus" name="com.org.learningMaven.AppTest" tests="1" failures="0" timestamp="28 Aug 2017 18:02:00 GMT" time="0.000" errors="0">
  <testcase name="testApp" time="0.000" classname="com.org.learningMaven.AppTest"/>
</testsuite> <!-- com.org.learningMaven.AppTest -->
