<?xml version="1.0" encoding="UTF-8"?>
<!-- Generated by org.testng.reporters.JUnitReportReporter -->
<testsuite skipped="0" hostname="Asus" name="testingTutorials.FirstTestNGScript" tests="3" failures="0" timestamp="21 Aug 2017 21:51:31 GMT" time="0.009" errors="0">
  <testcase name="LoginApp" time="0.007" classname="testingTutorials.FirstTestNGScript"/>
  <testcase name="selectItems" time="0.001" classname="testingTutorials.FirstTestNGScript"/>
  <testcase name="checkOut" time="0.001" classname="testingTutorials.FirstTestNGScript"/>
</testsuite> <!-- testingTutorials.FirstTestNGScript -->
