<?xml version="1.0" encoding="UTF-8"?>
<!-- Generated by org.testng.reporters.JUnitReportReporter -->
<testsuite skipped="0" hostname="Asus" name="com.org.learningMaven.Maven_FirstTest" tests="1" failures="0" timestamp="28 Aug 2017 18:02:00 GMT" time="9.870" errors="0">
  <testcase name="Show" time="9.870" classname="com.org.learningMaven.Maven_FirstTest"/>
</testsuite> <!-- com.org.learningMaven.Maven_FirstTest -->
