<?xml version="1.0" encoding="UTF-8"?>
<!-- Generated by org.testng.reporters.JUnitReportReporter -->
<testsuite skipped="0" hostname="Asus" name="com.AnyAUTOrange.Testcases.VerifyValidAccount2" tests="1" failures="0" timestamp="26 Sep 2017 16:29:19 GMT" time="16.804" errors="0">
  <testcase name="checkValidAccount" time="16.804" classname="com.AnyAUTOrange.Testcases.VerifyValidAccount2"/>
</testsuite> <!-- com.AnyAUTOrange.Testcases.VerifyValidAccount2 -->
