<?xml version="1.0" encoding="UTF-8"?>
<!-- Generated by org.testng.reporters.JUnitReportReporter -->
<testsuite skipped="0" hostname="Asus" name="WriteExcelData.WriteExcel" tests="1" failures="0" timestamp="07 Oct 2017 00:30:59 GMT" time="11.972" errors="0">
  <testcase name="excelInput" time="11.972" classname="WriteExcelData.WriteExcel"/>
</testsuite> <!-- WriteExcelData.WriteExcel -->
