<?xml version="1.0" encoding="UTF-8"?>
<!-- Generated by org.testng.reporters.JUnitReportReporter -->
<testsuite skipped="0" hostname="Asus" name="com.AnyAUTOrange.DemoMavenTest" tests="1" failures="0" timestamp="22 Sep 2017 15:47:30 GMT" time="0.014" errors="0">
  <testcase name="testHello" time="0.014" classname="com.AnyAUTOrange.DemoMavenTest"/>
</testsuite> <!-- com.AnyAUTOrange.DemoMavenTest -->
